{"F:\\wamp\\www\\uncache\\uncache.js":{"path":"F:\\wamp\\www\\uncache\\uncache.js","s":{"1":1,"2":1,"3":0,"4":0,"5":0,"6":0,"7":0,"8":0,"9":0,"10":0,"11":1,"12":1,"13":0,"14":1,"15":1,"16":1,"17":1,"18":0,"19":0,"20":0,"21":0,"22":0,"23":0,"24":0,"25":0,"26":0,"27":0,"28":0,"29":0,"30":1,"31":1,"32":0,"33":1,"34":0,"35":1,"36":0,"37":0,"38":0,"39":0,"40":0,"41":0,"42":1,"43":1,"44":0,"45":1,"46":1,"47":0,"48":1,"49":1,"50":1,"51":1,"52":1,"53":0,"54":0,"55":1,"56":1,"57":1,"58":1,"59":1,"60":1,"61":1,"62":0,"63":1,"64":1,"65":1,"66":1,"67":0,"68":0,"69":0,"70":0,"71":0,"72":0,"73":0,"74":0,"75":0,"76":0,"77":0,"78":0,"79":1},"b":{"1":[0,0],"2":[0,1],"3":[1,1],"4":[0,1],"5":[0,1],"6":[0,0],"7":[0,1],"8":[1,0],"9":[1,0],"10":[0,1],"11":[0,0],"12":[1,0],"13":[0,0]},"f":{"1":0,"2":0,"3":1,"4":0,"5":0,"6":0,"7":1,"8":1,"9":1,"10":1,"11":1,"12":0,"13":0,"14":0},"fnMap":{"1":{"name":"(anonymous_1)","line":31,"loc":{"start":{"line":31,"column":19},"end":{"line":31,"column":35}}},"2":{"name":"(anonymous_2)","line":35,"loc":{"start":{"line":35,"column":23},"end":{"line":35,"column":40}}},"3":{"name":"(anonymous_3)","line":46,"loc":{"start":{"line":46,"column":20},"end":{"line":46,"column":35}}},"4":{"name":"(anonymous_4)","line":63,"loc":{"start":{"line":63,"column":18},"end":{"line":63,"column":45}}},"5":{"name":"(anonymous_5)","line":69,"loc":{"start":{"line":69,"column":21},"end":{"line":69,"column":37}}},"6":{"name":"(anonymous_6)","line":76,"loc":{"start":{"line":76,"column":14},"end":{"line":76,"column":55}}},"7":{"name":"(anonymous_7)","line":83,"loc":{"start":{"line":83,"column":16},"end":{"line":83,"column":31}}},"8":{"name":"(anonymous_8)","line":106,"loc":{"start":{"line":106,"column":20},"end":{"line":106,"column":48}}},"9":{"name":"(anonymous_9)","line":136,"loc":{"start":{"line":136,"column":23},"end":{"line":136,"column":51}}},"10":{"name":"(anonymous_10)","line":148,"loc":{"start":{"line":148,"column":17},"end":{"line":148,"column":36}}},"11":{"name":"(anonymous_11)","line":151,"loc":{"start":{"line":151,"column":17},"end":{"line":151,"column":41}}},"12":{"name":"(anonymous_12)","line":159,"loc":{"start":{"line":159,"column":81},"end":{"line":159,"column":100}}},"13":{"name":"(anonymous_13)","line":176,"loc":{"start":{"line":176,"column":10},"end":{"line":176,"column":34}}},"14":{"name":"(anonymous_14)","line":181,"loc":{"start":{"line":181,"column":44},"end":{"line":181,"column":61}}}},"statementMap":{"1":{"start":{"line":16,"column":0},"end":{"line":28,"column":22}},"2":{"start":{"line":30,"column":0},"end":{"line":190,"column":2}},"3":{"start":{"line":32,"column":8},"end":{"line":32,"column":59}},"4":{"start":{"line":33,"column":8},"end":{"line":33,"column":24}},"5":{"start":{"line":35,"column":8},"end":{"line":42,"column":11}},"6":{"start":{"line":36,"column":12},"end":{"line":36,"column":73}},"7":{"start":{"line":37,"column":12},"end":{"line":37,"column":60}},"8":{"start":{"line":39,"column":12},"end":{"line":41,"column":13}},"9":{"start":{"line":40,"column":16},"end":{"line":41,"column":12}},"10":{"start":{"line":43,"column":8},"end":{"line":43,"column":22}},"11":{"start":{"line":47,"column":8},"end":{"line":49,"column":18}},"12":{"start":{"line":51,"column":8},"end":{"line":53,"column":9}},"13":{"start":{"line":52,"column":12},"end":{"line":52,"column":25}},"14":{"start":{"line":55,"column":8},"end":{"line":55,"column":51}},"15":{"start":{"line":57,"column":8},"end":{"line":60,"column":9}},"16":{"start":{"line":58,"column":12},"end":{"line":58,"column":67}},"17":{"start":{"line":59,"column":12},"end":{"line":59,"column":56}},"18":{"start":{"line":64,"column":8},"end":{"line":64,"column":24}},"19":{"start":{"line":65,"column":8},"end":{"line":65,"column":48}},"20":{"start":{"line":67,"column":8},"end":{"line":67,"column":79}},"21":{"start":{"line":69,"column":8},"end":{"line":72,"column":11}},"22":{"start":{"line":70,"column":12},"end":{"line":70,"column":47}},"23":{"start":{"line":71,"column":12},"end":{"line":71,"column":29}},"24":{"start":{"line":73,"column":8},"end":{"line":73,"column":37}},"25":{"start":{"line":74,"column":8},"end":{"line":74,"column":22}},"26":{"start":{"line":77,"column":8},"end":{"line":77,"column":60}},"27":{"start":{"line":78,"column":8},"end":{"line":78,"column":62}},"28":{"start":{"line":80,"column":8},"end":{"line":80,"column":55}},"29":{"start":{"line":81,"column":8},"end":{"line":81,"column":77}},"30":{"start":{"line":84,"column":8},"end":{"line":87,"column":19}},"31":{"start":{"line":88,"column":8},"end":{"line":94,"column":9}},"32":{"start":{"line":89,"column":12},"end":{"line":89,"column":53}},"33":{"start":{"line":90,"column":15},"end":{"line":94,"column":9}},"34":{"start":{"line":91,"column":12},"end":{"line":91,"column":54}},"35":{"start":{"line":93,"column":12},"end":{"line":93,"column":23}},"36":{"start":{"line":95,"column":8},"end":{"line":95,"column":40}},"37":{"start":{"line":96,"column":8},"end":{"line":96,"column":69}},"38":{"start":{"line":98,"column":8},"end":{"line":100,"column":9}},"39":{"start":{"line":99,"column":12},"end":{"line":99,"column":66}},"40":{"start":{"line":102,"column":8},"end":{"line":102,"column":52}},"41":{"start":{"line":104,"column":8},"end":{"line":104,"column":22}},"42":{"start":{"line":108,"column":8},"end":{"line":109,"column":21}},"43":{"start":{"line":110,"column":8},"end":{"line":116,"column":9}},"44":{"start":{"line":111,"column":12},"end":{"line":111,"column":65}},"45":{"start":{"line":112,"column":15},"end":{"line":116,"column":9}},"46":{"start":{"line":113,"column":12},"end":{"line":113,"column":52}},"47":{"start":{"line":115,"column":12},"end":{"line":115,"column":35}},"48":{"start":{"line":118,"column":8},"end":{"line":118,"column":47}},"49":{"start":{"line":119,"column":8},"end":{"line":119,"column":45}},"50":{"start":{"line":120,"column":8},"end":{"line":120,"column":49}},"51":{"start":{"line":121,"column":8},"end":{"line":121,"column":58}},"52":{"start":{"line":124,"column":8},"end":{"line":134,"column":9}},"53":{"start":{"line":125,"column":12},"end":{"line":125,"column":54}},"54":{"start":{"line":126,"column":12},"end":{"line":131,"column":15}},"55":{"start":{"line":133,"column":12},"end":{"line":133,"column":43}},"56":{"start":{"line":137,"column":8},"end":{"line":137,"column":58}},"57":{"start":{"line":138,"column":8},"end":{"line":138,"column":17}},"58":{"start":{"line":140,"column":8},"end":{"line":145,"column":9}},"59":{"start":{"line":141,"column":12},"end":{"line":141,"column":45}},"60":{"start":{"line":143,"column":12},"end":{"line":143,"column":29}},"61":{"start":{"line":144,"column":12},"end":{"line":144,"column":25}},"62":{"start":{"line":146,"column":8},"end":{"line":146,"column":50}},"63":{"start":{"line":149,"column":8},"end":{"line":149,"column":97}},"64":{"start":{"line":152,"column":8},"end":{"line":153,"column":18}},"65":{"start":{"line":155,"column":8},"end":{"line":157,"column":9}},"66":{"start":{"line":156,"column":12},"end":{"line":156,"column":22}},"67":{"start":{"line":159,"column":8},"end":{"line":162,"column":11}},"68":{"start":{"line":160,"column":12},"end":{"line":160,"column":39}},"69":{"start":{"line":161,"column":12},"end":{"line":161,"column":54}},"70":{"start":{"line":165,"column":8},"end":{"line":165,"column":49}},"71":{"start":{"line":167,"column":8},"end":{"line":167,"column":22}},"72":{"start":{"line":177,"column":8},"end":{"line":177,"column":59}},"73":{"start":{"line":178,"column":8},"end":{"line":178,"column":24}},"74":{"start":{"line":181,"column":8},"end":{"line":187,"column":11}},"75":{"start":{"line":182,"column":12},"end":{"line":186,"column":13}},"76":{"start":{"line":183,"column":16},"end":{"line":183,"column":40}},"77":{"start":{"line":185,"column":16},"end":{"line":185,"column":76}},"78":{"start":{"line":188,"column":8},"end":{"line":188,"column":22}},"79":{"start":{"line":197,"column":0},"end":{"line":197,"column":25}}},"branchMap":{"1":{"line":39,"type":"if","locations":[{"start":{"line":39,"column":12},"end":{"line":39,"column":12}},{"start":{"line":39,"column":12},"end":{"line":39,"column":12}}]},"2":{"line":51,"type":"if","locations":[{"start":{"line":51,"column":8},"end":{"line":51,"column":8}},{"start":{"line":51,"column":8},"end":{"line":51,"column":8}}]},"3":{"line":59,"type":"binary-expr","locations":[{"start":{"line":59,"column":12},"end":{"line":59,"column":32}},{"start":{"line":59,"column":36},"end":{"line":59,"column":55}}]},"4":{"line":88,"type":"if","locations":[{"start":{"line":88,"column":8},"end":{"line":88,"column":8}},{"start":{"line":88,"column":8},"end":{"line":88,"column":8}}]},"5":{"line":90,"type":"if","locations":[{"start":{"line":90,"column":15},"end":{"line":90,"column":15}},{"start":{"line":90,"column":15},"end":{"line":90,"column":15}}]},"6":{"line":98,"type":"if","locations":[{"start":{"line":98,"column":8},"end":{"line":98,"column":8}},{"start":{"line":98,"column":8},"end":{"line":98,"column":8}}]},"7":{"line":110,"type":"if","locations":[{"start":{"line":110,"column":8},"end":{"line":110,"column":8}},{"start":{"line":110,"column":8},"end":{"line":110,"column":8}}]},"8":{"line":112,"type":"if","locations":[{"start":{"line":112,"column":15},"end":{"line":112,"column":15}},{"start":{"line":112,"column":15},"end":{"line":112,"column":15}}]},"9":{"line":120,"type":"cond-expr","locations":[{"start":{"line":120,"column":36},"end":{"line":120,"column":38}},{"start":{"line":120,"column":41},"end":{"line":120,"column":48}}]},"10":{"line":124,"type":"if","locations":[{"start":{"line":124,"column":8},"end":{"line":124,"column":8}},{"start":{"line":124,"column":8},"end":{"line":124,"column":8}}]},"11":{"line":129,"type":"cond-expr","locations":[{"start":{"line":129,"column":32},"end":{"line":129,"column":45}},{"start":{"line":129,"column":48},"end":{"line":129,"column":55}}]},"12":{"line":155,"type":"if","locations":[{"start":{"line":155,"column":8},"end":{"line":155,"column":8}},{"start":{"line":155,"column":8},"end":{"line":155,"column":8}}]},"13":{"line":182,"type":"if","locations":[{"start":{"line":182,"column":12},"end":{"line":182,"column":12}},{"start":{"line":182,"column":12},"end":{"line":182,"column":12}}]}}}}