TN:
SF:F:\wamp\www\uncache\uncache.js
FN:31,(anonymous_1)
FN:35,(anonymous_2)
FN:46,(anonymous_3)
FN:63,(anonymous_4)
FN:69,(anonymous_5)
FN:76,(anonymous_6)
FN:83,(anonymous_7)
FN:106,(anonymous_8)
FN:136,(anonymous_9)
FN:148,(anonymous_10)
FN:151,(anonymous_11)
FN:159,(anonymous_12)
FN:176,(anonymous_13)
FN:181,(anonymous_14)
FNF:14
FNH:6
FNDA:0,(anonymous_1)
FNDA:0,(anonymous_2)
FNDA:1,(anonymous_3)
FNDA:0,(anonymous_4)
FNDA:0,(anonymous_5)
FNDA:0,(anonymous_6)
FNDA:1,(anonymous_7)
FNDA:1,(anonymous_8)
FNDA:1,(anonymous_9)
FNDA:1,(anonymous_10)
FNDA:1,(anonymous_11)
FNDA:0,(anonymous_12)
FNDA:0,(anonymous_13)
FNDA:0,(anonymous_14)
DA:16,1
DA:30,1
DA:32,0
DA:33,0
DA:35,0
DA:36,0
DA:37,0
DA:39,0
DA:40,0
DA:43,0
DA:47,1
DA:51,1
DA:52,0
DA:55,1
DA:57,1
DA:58,1
DA:59,1
DA:64,0
DA:65,0
DA:67,0
DA:69,0
DA:70,0
DA:71,0
DA:73,0
DA:74,0
DA:77,0
DA:78,0
DA:80,0
DA:81,0
DA:84,1
DA:88,1
DA:89,0
DA:90,1
DA:91,0
DA:93,1
DA:95,0
DA:96,0
DA:98,0
DA:99,0
DA:102,0
DA:104,0
DA:108,1
DA:110,1
DA:111,0
DA:112,1
DA:113,1
DA:115,0
DA:118,1
DA:119,1
DA:120,1
DA:121,1
DA:124,1
DA:125,0
DA:126,0
DA:133,1
DA:137,1
DA:138,1
DA:140,1
DA:141,1
DA:143,1
DA:144,1
DA:146,0
DA:149,1
DA:152,1
DA:155,1
DA:156,1
DA:159,0
DA:160,0
DA:161,0
DA:165,0
DA:167,0
DA:177,0
DA:178,0
DA:181,0
DA:182,0
DA:183,0
DA:185,0
DA:188,0
DA:197,1
LF:79
LH:33
BRDA:39,1,0,0
BRDA:39,1,1,0
BRDA:51,2,0,0
BRDA:51,2,1,1
BRDA:59,3,0,1
BRDA:59,3,1,1
BRDA:88,4,0,0
BRDA:88,4,1,1
BRDA:90,5,0,0
BRDA:90,5,1,1
BRDA:98,6,0,0
BRDA:98,6,1,0
BRDA:110,7,0,0
BRDA:110,7,1,1
BRDA:112,8,0,1
BRDA:112,8,1,0
BRDA:120,9,0,1
BRDA:120,9,1,0
BRDA:124,10,0,0
BRDA:124,10,1,1
BRDA:129,11,0,0
BRDA:129,11,1,0
BRDA:155,12,0,1
BRDA:155,12,1,0
BRDA:182,13,0,0
BRDA:182,13,1,0
BRF:26
BRH:10
end_of_record
