TN:
SF:F:\wamp\www\uncache\uncache.js
FN:31,(anonymous_1)
FN:35,(anonymous_2)
FN:46,(anonymous_3)
FN:63,(anonymous_4)
FN:69,(anonymous_5)
FN:76,(anonymous_6)
FN:83,(anonymous_7)
FN:106,(anonymous_8)
FN:136,(anonymous_9)
FN:148,(anonymous_10)
FN:151,(anonymous_11)
FN:159,(anonymous_12)
FN:176,(anonymous_13)
FN:181,(anonymous_14)
FNF:14
FNH:14
FNDA:1,(anonymous_1)
FNDA:6,(anonymous_2)
FNDA:5,(anonymous_3)
FNDA:5,(anonymous_4)
FNDA:6,(anonymous_5)
FNDA:4,(anonymous_6)
FNDA:7,(anonymous_7)
FNDA:7,(anonymous_8)
FNDA:4,(anonymous_9)
FNDA:6,(anonymous_10)
FNDA:6,(anonymous_11)
FNDA:10,(anonymous_12)
FNDA:1,(anonymous_13)
FNDA:11,(anonymous_14)
DA:16,1
DA:30,1
DA:32,1
DA:33,1
DA:35,1
DA:36,6
DA:37,6
DA:39,6
DA:40,5
DA:43,1
DA:47,5
DA:51,5
DA:52,4
DA:55,1
DA:57,1
DA:58,1
DA:59,1
DA:64,5
DA:65,5
DA:67,5
DA:69,5
DA:70,6
DA:71,6
DA:73,5
DA:74,5
DA:77,4
DA:78,4
DA:80,4
DA:81,4
DA:84,7
DA:88,7
DA:89,5
DA:90,2
DA:91,1
DA:93,1
DA:95,6
DA:96,6
DA:98,6
DA:99,4
DA:102,6
DA:104,6
DA:108,7
DA:110,7
DA:111,3
DA:112,4
DA:113,1
DA:115,3
DA:118,7
DA:119,7
DA:120,7
DA:121,7
DA:124,7
DA:125,4
DA:126,4
DA:133,3
DA:137,4
DA:138,4
DA:140,4
DA:141,4
DA:143,1
DA:144,1
DA:146,3
DA:149,6
DA:152,6
DA:155,6
DA:156,1
DA:159,5
DA:160,10
DA:161,10
DA:165,5
DA:167,5
DA:177,1
DA:178,1
DA:181,1
DA:182,11
DA:183,6
DA:185,5
DA:188,1
DA:197,1
LF:79
LH:79
BRDA:39,1,0,5
BRDA:39,1,1,1
BRDA:51,2,0,4
BRDA:51,2,1,1
BRDA:59,3,0,1
BRDA:59,3,1,1
BRDA:88,4,0,5
BRDA:88,4,1,2
BRDA:90,5,0,1
BRDA:90,5,1,1
BRDA:98,6,0,4
BRDA:98,6,1,2
BRDA:110,7,0,3
BRDA:110,7,1,4
BRDA:112,8,0,1
BRDA:112,8,1,3
BRDA:120,9,0,2
BRDA:120,9,1,5
BRDA:124,10,0,4
BRDA:124,10,1,3
BRDA:129,11,0,3
BRDA:129,11,1,1
BRDA:155,12,0,1
BRDA:155,12,1,5
BRDA:182,13,0,6
BRDA:182,13,1,5
BRF:26
BRH:26
end_of_record
